2023-08-22 10:32:06.752  INFO 28956 --- [main] c.a.n.client.env.SearchableProperties    : properties search order:PROPERTIES->JVM->ENV->DEFAULT_SETTING
2023-08-22 10:32:06.932  INFO 28956 --- [main] com.yc.resfoods.TestToken                : Starting TestToken using Java 1.8.0_65 on BF-202301201122 with PID 28956 (started by Administrator in D:\IdeaProjects\res_cloud\res-security)
2023-08-22 10:32:06.933  INFO 28956 --- [main] com.yc.resfoods.TestToken                : No active profile set, falling back to 1 default profile: "default"
2023-08-22 10:32:09.413  INFO 28956 --- [main] o.s.cloud.context.scope.GenericScope     : BeanFactory id=194b9f05-e37b-3c6e-a8a3-e71b7f924cb3
2023-08-22 10:32:10.102  INFO 28956 --- [main] c.a.d.s.b.a.DruidDataSourceAutoConfigure : Init DruidDataSource
2023-08-22 10:32:11.546  INFO 28956 --- [main] com.alibaba.druid.pool.DruidDataSource   : {dataSource-1} inited
2023-08-22 10:32:18.488  INFO 28956 --- [main] o.s.b.a.e.web.EndpointLinksResolver      : Exposing 18 endpoint(s) beneath base path '/actuator'
2023-08-22 10:32:19.993  INFO 28956 --- [main] o.s.s.web.DefaultSecurityFilterChain     : Will secure any request with [org.springframework.security.web.session.DisableEncodeUrlFilter@2c678c7b, org.springframework.security.web.context.request.async.WebAsyncManagerIntegrationFilter@a5e8260, org.springframework.security.web.context.SecurityContextPersistenceFilter@1c2dd89b, org.springframework.security.web.header.HeaderWriterFilter@6003220a, org.springframework.security.web.authentication.logout.LogoutFilter@3a88f6fb, com.yc.resfoods.filter.JwtRequestFilter@30c7be6f, org.springframework.security.web.savedrequest.RequestCacheAwareFilter@19faedcc, org.springframework.security.web.servletapi.SecurityContextHolderAwareRequestFilter@68b7bdcb, org.springframework.security.web.authentication.AnonymousAuthenticationFilter@4a9bce99, org.springframework.security.web.session.SessionManagementFilter@726a8729, org.springframework.security.web.access.ExceptionTranslationFilter@7ed7ae, org.springframework.security.web.access.intercept.FilterSecurityInterceptor@6d001fbe]
2023-08-22 10:32:23.962  WARN 28956 --- [main] d.s.r.o.OperationImplicitParameterReader : Unable to interpret the implicit parameter configuration with dataType: , dataTypeClass: class java.lang.Void
2023-08-22 10:32:23.976  WARN 28956 --- [main] d.s.r.o.OperationImplicitParameterReader : Unable to interpret the implicit parameter configuration with dataType: , dataTypeClass: class java.lang.Void
2023-08-22 10:32:24.448  INFO 28956 --- [main] com.yc.resfoods.TestToken                : Started TestToken in 18.592 seconds (JVM running for 19.779)
2023-08-22 10:32:25.382  INFO 28956 --- [SpringApplicationShutdownHook] com.alibaba.druid.pool.DruidDataSource   : {dataSource-1} closing ...
2023-08-22 10:32:25.398  INFO 28956 --- [SpringApplicationShutdownHook] com.alibaba.druid.pool.DruidDataSource   : {dataSource-1} closed
2023-08-22 11:06:44.802  INFO 39856 --- [main] c.a.n.client.env.SearchableProperties    : properties search order:PROPERTIES->JVM->ENV->DEFAULT_SETTING
2023-08-22 11:06:44.980  INFO 39856 --- [main] com.yc.resfoods.TestToken                : Starting TestToken using Java 1.8.0_65 on BF-202301201122 with PID 39856 (started by Administrator in D:\IdeaProjects\res_cloud\res-security)
2023-08-22 11:06:44.981  INFO 39856 --- [main] com.yc.resfoods.TestToken                : No active profile set, falling back to 1 default profile: "default"
2023-08-22 11:06:46.698  INFO 39856 --- [main] o.s.cloud.context.scope.GenericScope     : BeanFactory id=194b9f05-e37b-3c6e-a8a3-e71b7f924cb3
2023-08-22 11:06:47.219  INFO 39856 --- [main] c.a.d.s.b.a.DruidDataSourceAutoConfigure : Init DruidDataSource
2023-08-22 11:06:48.328  INFO 39856 --- [main] com.alibaba.druid.pool.DruidDataSource   : {dataSource-1} inited
2023-08-22 11:06:53.232  INFO 39856 --- [main] o.s.b.a.e.web.EndpointLinksResolver      : Exposing 18 endpoint(s) beneath base path '/actuator'
2023-08-22 11:06:54.097  INFO 39856 --- [main] o.s.s.web.DefaultSecurityFilterChain     : Will secure any request with [org.springframework.security.web.session.DisableEncodeUrlFilter@52cb52bd, org.springframework.security.web.context.request.async.WebAsyncManagerIntegrationFilter@1d1c37d5, org.springframework.security.web.context.SecurityContextPersistenceFilter@18dd7767, org.springframework.security.web.header.HeaderWriterFilter@19faedcc, org.springframework.security.web.authentication.logout.LogoutFilter@704d3b00, com.yc.resfoods.filter.JwtRequestFilter@63553e9f, org.springframework.security.web.savedrequest.RequestCacheAwareFilter@bfe47a8, org.springframework.security.web.servletapi.SecurityContextHolderAwareRequestFilter@2e7bb00e, org.springframework.security.web.authentication.AnonymousAuthenticationFilter@218df7d6, org.springframework.security.web.session.SessionManagementFilter@5b4954b2, org.springframework.security.web.access.ExceptionTranslationFilter@7dd91ffc, org.springframework.security.web.access.intercept.FilterSecurityInterceptor@4a9bce99]
2023-08-22 11:06:56.506  WARN 39856 --- [main] d.s.r.o.OperationImplicitParameterReader : Unable to interpret the implicit parameter configuration with dataType: , dataTypeClass: class java.lang.Void
2023-08-22 11:06:56.513  WARN 39856 --- [main] d.s.r.o.OperationImplicitParameterReader : Unable to interpret the implicit parameter configuration with dataType: , dataTypeClass: class java.lang.Void
2023-08-22 11:06:56.880  INFO 39856 --- [main] com.yc.resfoods.TestToken                : Started TestToken in 13.002 seconds (JVM running for 14.277)
2023-08-22 11:06:57.900  INFO 39856 --- [SpringApplicationShutdownHook] com.alibaba.druid.pool.DruidDataSource   : {dataSource-1} closing ...
2023-08-22 11:06:57.913  INFO 39856 --- [SpringApplicationShutdownHook] com.alibaba.druid.pool.DruidDataSource   : {dataSource-1} closed
